Resturant App/build/intermediates/incremental/manifest_merge_blame_file/debug/manifest-merger-blame-debug-report.txt
1<?xml version="1.0" encoding="utf-8"?>
2<manifest xmlns:android="http://schemas.android.com/apk/res/android"
3    package="com.example.resturantapp"
4    android:versionCode="1"
5    android:versionName="1.0" >
6
7    <uses-sdk
8        android:minSdkVersion="27"
8-->src\main\AndroidManifest.xml
9        android:targetSdkVersion="30" />
9-->src\main\AndroidManifest.xml
10
11    <uses-permission android:name="android.permission.CAMERA" />
11-->src\main\AndroidManifest.xml:5:5-64
11-->src\main\AndroidManifest.xml:5:22-62
12
13    <application
13-->src\main\AndroidManifest.xml:6:5-44:19
14        android:allowBackup="true"
14-->src\main\AndroidManifest.xml:7:9-35
15        android:appComponentFactory="androidx.core.app.CoreComponentFactory"
15-->[androidx.core:core:1.3.1] AndroidManifest.xml:24:18-86
16        android:debuggable="true"
17        android:extractNativeLibs="false"
18        android:icon="@mipmap/ic_launcher"
18-->src\main\AndroidManifest.xml:8:9-43
19        android:label="@string/app_name"
19-->src\main\AndroidManifest.xml:9:9-41
20        android:roundIcon="@mipmap/ic_launcher_round"
20-->src\main\AndroidManifest.xml:10:9-54
21        android:supportsRtl="true"
21-->src\main\AndroidManifest.xml:11:9-35
22        android:testOnly="true"
23        android:theme="@style/Theme.Store" >
23-->src\main\AndroidManifest.xml:12:9-43
24        <activity android:name="com.example.store.change_number" />
24-->src\main\AndroidManifest.xml:13:9-60
24-->src\main\AndroidManifest.xml:13:19-48
25        <activity android:name="com.example.store.number" />
25-->src\main\AndroidManifest.xml:14:9-44
25-->src\main\AndroidManifest.xml:14:19-41
26        <activity android:name="com.example.store.change_email" />
26-->src\main\AndroidManifest.xml:15:9-50
26-->src\main\AndroidManifest.xml:15:19-47
27        <activity android:name="com.example.store.E_mail" />
27-->src\main\AndroidManifest.xml:16:9-44
27-->src\main\AndroidManifest.xml:16:19-41
28        <activity android:name="com.example.store.change_password" />
28-->src\main\AndroidManifest.xml:17:9-53
28-->src\main\AndroidManifest.xml:17:19-50
29        <activity android:name="com.example.store.checkPassword" />
29-->src\main\AndroidManifest.xml:18:9-51
29-->src\main\AndroidManifest.xml:18:19-48
30        <activity android:name="com.example.store.change_name" />
30-->src\main\AndroidManifest.xml:19:9-49
30-->src\main\AndroidManifest.xml:19:19-46
31        <activity android:name="com.example.store.cart" />
31-->src\main\AndroidManifest.xml:20:9-42
31-->src\main\AndroidManifest.xml:20:19-39
32        <activity android:name="com.example.store.massege" />
32-->src\main\AndroidManifest.xml:21:9-45
32-->src\main\AndroidManifest.xml:21:19-42
33        <activity android:name="com.example.store.settings" />
33-->src\main\AndroidManifest.xml:22:9-46
33-->src\main\AndroidManifest.xml:22:19-43
34        <activity android:name="com.example.store.profile" />
34-->src\main\AndroidManifest.xml:23:9-45
34-->src\main\AndroidManifest.xml:23:19-42
35        <activity android:name="com.example.store.show_details" />
35-->src\main\AndroidManifest.xml:24:9-50
35-->src\main\AndroidManifest.xml:24:19-47
36        <activity android:name="com.example.store.realStart" >
36-->src\main\AndroidManifest.xml:25:9-28:20
36-->src\main\AndroidManifest.xml:25:19-44
37            android:theme="@style/Theme.AppCompat.Light.NoActionBar">
38        </activity>
39        <activity
39-->src\main\AndroidManifest.xml:29:9-31:39
40            android:name="com.example.store.Sign_in_form"
40-->src\main\AndroidManifest.xml:30:13-41
41            android:label="Sign in" />
41-->src\main\AndroidManifest.xml:31:13-36
42        <activity
42-->src\main\AndroidManifest.xml:32:9-34:37
43            android:name="com.example.store.Start"
43-->src\main\AndroidManifest.xml:33:13-34
44            android:label="login" />
44-->src\main\AndroidManifest.xml:34:13-34
45        <activity
45-->src\main\AndroidManifest.xml:35:9-43:20
46            android:name="com.example.store.MainActivity"
46-->src\main\AndroidManifest.xml:36:13-41
47            android:theme="@style/Theme.AppCompat.Light.NoActionBar" >
47-->src\main\AndroidManifest.xml:37:13-69
48            <intent-filter>
48-->src\main\AndroidManifest.xml:38:13-42:29
49                <action android:name="android.intent.action.MAIN" />
49-->src\main\AndroidManifest.xml:39:17-69
49-->src\main\AndroidManifest.xml:39:25-66
50
51                <category android:name="android.intent.category.LAUNCHER" />
51-->src\main\AndroidManifest.xml:41:17-77
51-->src\main\AndroidManifest.xml:41:27-74
52            </intent-filter>
53        </activity>
54    </application>
55
56</manifest>